<?xml version="1.0" encoding="UTF-8"?>
<testsuite xmlns:xsi="http://www.w3.org/2001/XMLSchema-instance" xsi:noNamespaceSchemaLocation="https://maven.apache.org/surefire/maven-surefire-plugin/xsd/surefire-test-report.xsd" name="models.TeamTest" time="0.001" tests="7" errors="0" skipped="0" failures="0">
  <properties>
    <property name="java.specification.version" value="17"/>
    <property name="sun.cpu.isalist" value="amd64"/>
    <property name="sun.jnu.encoding" value="Cp1252"/>
    <property name="java.class.path" value="C:\Users\ruben\Desktop\sae4-01-2023-lateam21\Belote2023\target\test-classes;C:\Users\ruben\Desktop\sae4-01-2023-lateam21\Belote2023\target\classes;C:\Users\ruben\.m2\repository\junit\junit\4.13.2\junit-4.13.2.jar;C:\Users\ruben\.m2\repository\org\hamcrest\hamcrest-core\1.3\hamcrest-core-1.3.jar;C:\Users\ruben\.m2\repository\org\hsqldb\hsqldb\2.7.1\hsqldb-2.7.1.jar;"/>
    <property name="java.vm.vendor" value="Oracle Corporation"/>
    <property name="sun.arch.data.model" value="64"/>
    <property name="user.variant" value=""/>
    <property name="java.vendor.url" value="https://java.oracle.com/"/>
    <property name="user.timezone" value="Europe/Berlin"/>
    <property name="os.name" value="Windows 10"/>
    <property name="java.vm.specification.version" value="17"/>
    <property name="sun.java.launcher" value="SUN_STANDARD"/>
    <property name="user.country" value="FR"/>
    <property name="sun.boot.library.path" value="C:\Program Files\Java\jdk-17\bin"/>
    <property name="sun.java.command" value="C:\Users\ruben\AppData\Local\Temp\surefire11928692564833986013\surefirebooter2170678894662787772.jar C:\Users\ruben\AppData\Local\Temp\surefire11928692564833986013 2023-04-09T19-02-40_481-jvmRun1 surefire9865706400328974533tmp surefire_09170752914633962848tmp"/>
    <property name="jdk.debug" value="release"/>
    <property name="surefire.test.class.path" value="C:\Users\ruben\Desktop\sae4-01-2023-lateam21\Belote2023\target\test-classes;C:\Users\ruben\Desktop\sae4-01-2023-lateam21\Belote2023\target\classes;C:\Users\ruben\.m2\repository\junit\junit\4.13.2\junit-4.13.2.jar;C:\Users\ruben\.m2\repository\org\hamcrest\hamcrest-core\1.3\hamcrest-core-1.3.jar;C:\Users\ruben\.m2\repository\org\hsqldb\hsqldb\2.7.1\hsqldb-2.7.1.jar;"/>
    <property name="sun.cpu.endian" value="little"/>
    <property name="user.home" value="C:\Users\ruben"/>
    <property name="user.language" value="fr"/>
    <property name="java.specification.vendor" value="Oracle Corporation"/>
    <property name="java.version.date" value="2021-09-14"/>
    <property name="java.home" value="C:\Program Files\Java\jdk-17"/>
    <property name="file.separator" value="\"/>
    <property name="basedir" value="C:\Users\ruben\Desktop\sae4-01-2023-lateam21\Belote2023"/>
    <property name="java.vm.compressedOopsMode" value="Zero based"/>
    <property name="line.separator" value="&#10;"/>
    <property name="java.vm.specification.vendor" value="Oracle Corporation"/>
    <property name="java.specification.name" value="Java Platform API Specification"/>
    <property name="surefire.real.class.path" value="C:\Users\ruben\AppData\Local\Temp\surefire11928692564833986013\surefirebooter2170678894662787772.jar"/>
    <property name="user.script" value=""/>
    <property name="sun.management.compiler" value="HotSpot 64-Bit Tiered Compilers"/>
    <property name="java.runtime.version" value="17+35-2724"/>
    <property name="user.name" value="ruben"/>
    <property name="path.separator" value=";"/>
    <property name="os.version" value="10.0"/>
    <property name="java.runtime.name" value="OpenJDK Runtime Environment"/>
    <property name="file.encoding" value="Cp1252"/>
    <property name="java.vm.name" value="OpenJDK 64-Bit Server VM"/>
    <property name="localRepository" value="C:\Users\ruben\.m2\repository"/>
    <property name="java.vendor.url.bug" value="https://bugreport.java.com/bugreport/"/>
    <property name="java.io.tmpdir" value="C:\Users\ruben\AppData\Local\Temp\"/>
    <property name="idea.version" value="2022.2.3"/>
    <property name="java.version" value="17"/>
    <property name="user.dir" value="C:\Users\ruben\Desktop\sae4-01-2023-lateam21\Belote2023"/>
    <property name="os.arch" value="amd64"/>
    <property name="java.vm.specification.name" value="Java Virtual Machine Specification"/>
    <property name="sun.os.patch.level" value=""/>
    <property name="native.encoding" value="Cp1252"/>
    <property name="java.library.path" value="C:\Program Files\Java\jdk-17\bin;C:\Windows\Sun\Java\bin;C:\Windows\system32;C:\Windows;C:\Program Files\Common Files\Oracle\Java\javapath;C:\Program Files (x86)\Razer Chroma SDK\bin;C:\Program Files\Razer Chroma SDK\bin;C:\Program Files (x86)\Razer\ChromaBroadcast\bin;C:\Program Files\Razer\ChromaBroadcast\bin;C:\Program Files (x86)\Common Files\Oracle\Java\javapath;C:\Windows\system32;C:\Windows;C:\Windows\System32\Wbem;C:\Windows\System32\WindowsPowerShell\v1.0\;C:\Windows\System32\OpenSSH\;C:\Program Files (x86)\NVIDIA Corporation\PhysX\Common;C:\Program Files\NVIDIA Corporation\NVIDIA NvDLISR;C:\Program Files\Java\jre1.8.0_311\bin;C:\Program Files\Java\java-se-8u41-ri\bin;C:\Windows\system32\config\systemprofile\AppData\Local\Microsoft\WindowsApps;C:\Program Files\Git\cmd;C:\Program Files\LLVM\bin;C:\Program Files\dotnet\;C:\Program Files (x86)\dotnet\;C:\Program Files\nodejs\;C:\Users\ruben\anaconda3;C:\Users\ruben\anaconda3\Library\mingw-w64\bin;C:\Users\ruben\anaconda3\Library\usr\bin;C:\Users\ruben\anaconda3\Library\bin;C:\Users\ruben\anaconda3\Scripts;C:\Users\ruben\AppData\Local\Programs\Python\Python310\Scripts\;C:\Users\ruben\AppData\Local\Programs\Python\Python310\;C:\Program Files\Java\jre1.8.0_321\bin;C:\Program Files\Java\java-se-8u41-ri\bin;C:\Users\ruben\AppData\Local\Programs\Microsoft VS Code\bin;C:\Program Files\apache-maven-3.8.4\bin;C:\Program Files\Java\jdk-17;;C:\Program Files\JetBrains\IntelliJ IDEA Community Edition 2022.2.3\bin;;C:\Users\ruben\AppData\Roaming\npm;."/>
    <property name="java.vm.info" value="mixed mode, sharing"/>
    <property name="java.vendor" value="Oracle Corporation"/>
    <property name="java.vm.version" value="17+35-2724"/>
    <property name="sun.io.unicode.encoding" value="UnicodeLittle"/>
    <property name="java.class.version" value="61.0"/>
  </properties>
  <testcase name="getNum" classname="models.TeamTest" time="0"/>
  <testcase name="canCreateTeam" classname="models.TeamTest" time="0"/>
  <testcase name="getId" classname="models.TeamTest" time="0"/>
  <testcase name="setTeam1" classname="models.TeamTest" time="0"/>
  <testcase name="setTeam2" classname="models.TeamTest" time="0"/>
  <testcase name="getTeam1" classname="models.TeamTest" time="0"/>
  <testcase name="getTeam2" classname="models.TeamTest" time="0"/>
</testsuite>